android/app/build/intermediates/manifest_merge_blame_file/debug/manifest-merger-blame-debug-report.txt
1<?xml version="1.0" encoding="utf-8"?>
2<manifest xmlns:android="http://schemas.android.com/apk/res/android"
3    package="com.softapps.canacity"
4    android:versionCode="1"
5    android:versionName="1.0" >
6
7    <uses-sdk
8        android:minSdkVersion="21"
9        android:targetSdkVersion="29" />
10
11    <uses-permission android:name="android.permission.SYSTEM_ALERT_WINDOW" />
11-->src/debug/AndroidManifest.xml:5:5-77
11-->src/debug/AndroidManifest.xml:5:22-75
12    <uses-permission android:name="android.permission.INTERNET" />
12-->src/main/AndroidManifest.xml:4:5-67
12-->src/main/AndroidManifest.xml:4:22-64
13    <uses-permission android:name="android.permission.ACCESS_WIFI_STATE" />
13-->[com.facebook.flipper:flipper:0.75.1] AndroidManifest.xml:16:5-76
13-->[com.facebook.flipper:flipper:0.75.1] AndroidManifest.xml:16:22-73
14    <uses-permission android:name="android.permission.ACCESS_NETWORK_STATE" />
14-->[:react-native-community_netinfo] AndroidManifest.xml:9:5-79
14-->[:react-native-community_netinfo] AndroidManifest.xml:9:22-76
15
16    <application
16-->src/main/AndroidManifest.xml:6:5-25:19
17        android:name="com.softapps.canacity.MainApplication"
17-->src/main/AndroidManifest.xml:7:7-38
18        android:allowBackup="false"
18-->src/main/AndroidManifest.xml:11:7-34
19        android:appComponentFactory="androidx.core.app.CoreComponentFactory"
19-->[androidx.core:core:1.3.2] AndroidManifest.xml:24:18-86
20        android:debuggable="true"
21        android:icon="@mipmap/ic_launcher"
21-->src/main/AndroidManifest.xml:9:7-41
22        android:label="@string/app_name"
22-->src/main/AndroidManifest.xml:8:7-39
23        android:roundIcon="@mipmap/ic_launcher_round"
23-->src/main/AndroidManifest.xml:10:7-52
24        android:theme="@style/AppTheme"
24-->src/main/AndroidManifest.xml:12:7-38
25        android:usesCleartextTraffic="true" >
25-->src/debug/AndroidManifest.xml:8:9-44
26        <activity android:name="com.facebook.react.devsupport.DevSettingsActivity" />
26-->src/debug/AndroidManifest.xml:11:9-86
26-->src/debug/AndroidManifest.xml:11:19-83
27        <activity
27-->src/main/AndroidManifest.xml:13:7-24:18
28            android:name="com.softapps.canacity.MainActivity"
28-->src/main/AndroidManifest.xml:14:9-37
29            android:configChanges="keyboard|keyboardHidden|orientation|screenSize|uiMode"
29-->src/main/AndroidManifest.xml:16:9-86
30            android:label="@string/app_name"
30-->src/main/AndroidManifest.xml:15:9-41
31            android:launchMode="singleTask"
31-->src/main/AndroidManifest.xml:17:9-40
32            android:screenOrientation="portrait"
32-->src/main/AndroidManifest.xml:19:9-45
33            android:windowSoftInputMode="adjustResize" >
33-->src/main/AndroidManifest.xml:18:9-51
34            <intent-filter>
34-->src/main/AndroidManifest.xml:20:9-23:25
35                <action android:name="android.intent.action.MAIN" />
35-->src/main/AndroidManifest.xml:21:13-65
35-->src/main/AndroidManifest.xml:21:21-62
36
37                <category android:name="android.intent.category.LAUNCHER" />
37-->src/main/AndroidManifest.xml:22:13-73
37-->src/main/AndroidManifest.xml:22:23-70
38            </intent-filter>
39        </activity>
40
41        <provider
41-->[:react-native-webview] AndroidManifest.xml:12:9-20:20
42            android:name="com.reactnativecommunity.webview.RNCWebViewFileProvider"
42-->[:react-native-webview] AndroidManifest.xml:13:13-83
43            android:authorities="com.softapps.canacity.fileprovider"
43-->[:react-native-webview] AndroidManifest.xml:14:13-64
44            android:exported="false"
44-->[:react-native-webview] AndroidManifest.xml:15:13-37
45            android:grantUriPermissions="true" >
45-->[:react-native-webview] AndroidManifest.xml:16:13-47
46            <meta-data
46-->[:react-native-webview] AndroidManifest.xml:17:13-19:63
47                android:name="android.support.FILE_PROVIDER_PATHS"
47-->[:react-native-webview] AndroidManifest.xml:18:17-67
48                android:resource="@xml/file_provider_paths" />
48-->[:react-native-webview] AndroidManifest.xml:19:17-60
49        </provider>
50    </application>
51
52</manifest>